# JRE version: OpenJDK Runtime Environment (17.0.7) (build 17.0.7+0-b2043.56-10550314)
# Java VM: OpenJDK 64-Bit Server VM (17.0.7+0-b2043.56-10550314, mixed mode, tiered, compressed oops, compressed class ptrs, g1 gc, windows-amd64)
GC Precious Log:
 CPUs: 12 total, 12 available
 Memory: 15724M
 Large Page Support: Disabled
 NUMA Support: Disabled
 Compressed Oops: Enabled (32-bit)
 Heap Region Size: 1M
 Heap Min Capacity: 8M
 Heap Initial Capacity: 246M
 Heap Max Capacity: 2G
 Pre-touch: Disabled
 Parallel Workers: 10
 Concurrent Workers: 3
 Concurrent Refinement Workers: 10
 Periodic GC: Disabled
Heap:
 garbage-first heap   total 117760K, used 69328K [0x0000000080000000, 0x0000000100000000)
  region size 1024K, 4 young (4096K), 4 survivors (4096K)
 Metaspace       used 75802K, committed 76480K, reserved 557056K
  class space    used 10545K, committed 10816K, reserved 425984K
GC Heap History (20 events):
Event: 5.983 GC heap after
{Heap after GC invocations=21 (full 0):
 garbage-first heap   total 92160K, used 53385K [0x0000000080000000, 0x0000000100000000)
  region size 1024K, 3 young (3072K), 3 survivors (3072K)
 Metaspace       used 60554K, committed 61184K, reserved 491520K
  class space    used 8267K, committed 8576K, reserved 425984K
}
Event: 6.125 GC heap before
{Heap before GC invocations=21 (full 0):
 garbage-first heap   total 92160K, used 72841K [0x0000000080000000, 0x0000000100000000)
  region size 1024K, 22 young (22528K), 3 survivors (3072K)
 Metaspace       used 62347K, committed 62976K, reserved 491520K
  class space    used 8567K, committed 8832K, reserved 425984K
}
Event: 6.127 GC heap after
{Heap after GC invocations=22 (full 0):
 garbage-first heap   total 92160K, used 54441K [0x0000000080000000, 0x0000000100000000)
  region size 1024K, 1 young (1024K), 1 survivors (1024K)
 Metaspace       used 62347K, committed 62976K, reserved 491520K
  class space    used 8567K, committed 8832K, reserved 425984K
}
Event: 6.273 GC heap before
{Heap before GC invocations=23 (full 0):
 garbage-first heap   total 96256K, used 77993K [0x0000000080000000, 0x0000000100000000)
  region size 1024K, 20 young (20480K), 1 survivors (1024K)
 Metaspace       used 63983K, committed 64576K, reserved 491520K
  class space    used 8803K, committed 9088K, reserved 425984K
}
Event: 6.275 GC heap after
{Heap after GC invocations=24 (full 0):
 garbage-first heap   total 96256K, used 59604K [0x0000000080000000, 0x0000000100000000)
  region size 1024K, 2 young (2048K), 2 survivors (2048K)
 Metaspace       used 63983K, committed 64576K, reserved 491520K
  class space    used 8803K, committed 9088K, reserved 425984K
}
Event: 6.285 GC heap before
{Heap before GC invocations=24 (full 0):
 garbage-first heap   total 96256K, used 60628K [0x0000000080000000, 0x0000000100000000)
  region size 1024K, 4 young (4096K), 2 survivors (2048K)
 Metaspace       used 64089K, committed 64704K, reserved 491520K
  class space    used 8819K, committed 9088K, reserved 425984K
}
Event: 6.287 GC heap after
{Heap after GC invocations=25 (full 0):
 garbage-first heap   total 115712K, used 60244K [0x0000000080000000, 0x0000000100000000)
  region size 1024K, 1 young (1024K), 1 survivors (1024K)
 Metaspace       used 64089K, committed 64704K, reserved 491520K
  class space    used 8819K, committed 9088K, reserved 425984K
}
Event: 6.484 GC heap before
{Heap before GC invocations=25 (full 0):
 garbage-first heap   total 115712K, used 88916K [0x0000000080000000, 0x0000000100000000)
  region size 1024K, 29 young (29696K), 1 survivors (1024K)
 Metaspace       used 66330K, committed 66944K, reserved 491520K
  class space    used 9143K, committed 9408K, reserved 425984K
}
Event: 6.485 GC heap after
{Heap after GC invocations=26 (full 0):
 garbage-first heap   total 115712K, used 61055K [0x0000000080000000, 0x0000000100000000)
  region size 1024K, 2 young (2048K), 2 survivors (2048K)
 Metaspace       used 66330K, committed 66944K, reserved 491520K
  class space    used 9143K, committed 9408K, reserved 425984K
}
Event: 6.667 GC heap before
{Heap before GC invocations=27 (full 0):
 garbage-first heap   total 115712K, used 90751K [0x0000000080000000, 0x0000000100000000)
  region size 1024K, 31 young (31744K), 2 survivors (2048K)
 Metaspace       used 69981K, committed 70592K, reserved 491520K
  class space    used 9650K, committed 9920K, reserved 425984K
}
Event: 6.668 GC heap after
{Heap after GC invocations=28 (full 0):
 garbage-first heap   total 115712K, used 62002K [0x0000000080000000, 0x0000000100000000)
  region size 1024K, 3 young (3072K), 3 survivors (3072K)
 Metaspace       used 69981K, committed 70592K, reserved 491520K
  class space    used 9650K, committed 9920K, reserved 425984K
}
Event: 6.684 GC heap before
{Heap before GC invocations=28 (full 0):
 garbage-first heap   total 115712K, used 64050K [0x0000000080000000, 0x0000000100000000)
  region size 1024K, 5 young (5120K), 3 survivors (3072K)
 Metaspace       used 70161K, committed 70784K, reserved 491520K
  class space    used 9674K, committed 9920K, reserved 425984K
}
Event: 6.686 GC heap after
{Heap after GC invocations=29 (full 0):
 garbage-first heap   total 115712K, used 62041K [0x0000000080000000, 0x0000000100000000)
  region size 1024K, 1 young (1024K), 1 survivors (1024K)
 Metaspace       used 70161K, committed 70784K, reserved 491520K
  class space    used 9674K, committed 9920K, reserved 425984K
}
Event: 6.884 GC heap before
{Heap before GC invocations=29 (full 0):
 garbage-first heap   total 115712K, used 91737K [0x0000000080000000, 0x0000000100000000)
  region size 1024K, 30 young (30720K), 1 survivors (1024K)
 Metaspace       used 71897K, committed 72576K, reserved 491520K
  class space    used 9936K, committed 10240K, reserved 425984K
}
Event: 6.887 GC heap after
{Heap after GC invocations=30 (full 0):
 garbage-first heap   total 115712K, used 64558K [0x0000000080000000, 0x0000000100000000)
  region size 1024K, 4 young (4096K), 4 survivors (4096K)
 Metaspace       used 71897K, committed 72576K, reserved 491520K
  class space    used 9936K, committed 10240K, reserved 425984K
}
Event: 7.076 GC heap before
{Heap before GC invocations=31 (full 0):
 garbage-first heap   total 117760K, used 91182K [0x0000000080000000, 0x0000000100000000)
  region size 1024K, 31 young (31744K), 4 survivors (4096K)
 Metaspace       used 73684K, committed 74304K, reserved 491520K
  class space    used 10232K, committed 10496K, reserved 425984K
}
Event: 7.078 GC heap after
{Heap after GC invocations=32 (full 0):
 garbage-first heap   total 117760K, used 66083K [0x0000000080000000, 0x0000000100000000)
  region size 1024K, 2 young (2048K), 2 survivors (2048K)
 Metaspace       used 73684K, committed 74304K, reserved 491520K
  class space    used 10232K, committed 10496K, reserved 425984K
}
Event: 7.097 GC heap before
{Heap before GC invocations=32 (full 0):
 garbage-first heap   total 117760K, used 69155K [0x0000000080000000, 0x0000000100000000)
  region size 1024K, 5 young (5120K), 2 survivors (2048K)
 Metaspace       used 73908K, committed 74560K, reserved 491520K
  class space    used 10270K, committed 10560K, reserved 425984K
}
Event: 7.099 GC heap after
{Heap after GC invocations=33 (full 0):
 garbage-first heap   total 117760K, used 65882K [0x0000000080000000, 0x0000000100000000)
  region size 1024K, 1 young (1024K), 1 survivors (1024K)
 Metaspace       used 73908K, committed 74560K, reserved 491520K
  class space    used 10270K, committed 10560K, reserved 425984K
}
Event: 7.463 GC heap before
{Heap before GC invocations=33 (full 0):
 garbage-first heap   total 117760K, used 95578K [0x0000000080000000, 0x0000000100000000)
  region size 1024K, 30 young (30720K), 1 survivors (1024K)
 Metaspace       used 75802K, committed 76480K, reserved 557056K
  class space    used 10545K, committed 10816K, reserved 425984K
}

