# JRE version: OpenJDK Runtime Environment (17.0.7) (build 17.0.7+0-b2043.56-10550314)
# Java VM: OpenJDK 64-Bit Server VM (17.0.7+0-b2043.56-10550314, mixed mode, tiered, compressed oops, compressed class ptrs, g1 gc, windows-amd64)
GC Precious Log:
 CPUs: 12 total, 12 available
 Memory: 15724M
 Large Page Support: Disabled
 NUMA Support: Disabled
 Compressed Oops: Enabled (32-bit)
 Heap Region Size: 1M
 Heap Min Capacity: 8M
 Heap Initial Capacity: 246M
 Heap Max Capacity: 2G
 Pre-touch: Disabled
 Parallel Workers: 10
 Concurrent Workers: 3
 Concurrent Refinement Workers: 10
 Periodic GC: Disabled
Heap:
 garbage-first heap   total 294912K, used 209839K [0x0000000080000000, 0x0000000100000000)
  region size 1024K, 104 young (106496K), 13 survivors (13312K)
 Metaspace       used 102532K, committed 103488K, reserved 557056K
  class space    used 14281K, committed 14720K, reserved 425984K
GC Heap History (20 events):
Event: 10.105 GC heap before
{Heap before GC invocations=32 (full 0):
 garbage-first heap   total 142336K, used 73817K [0x0000000080000000, 0x0000000100000000)
  region size 1024K, 8 young (8192K), 7 survivors (7168K)
 Metaspace       used 77249K, committed 77952K, reserved 557056K
  class space    used 10770K, committed 11072K, reserved 425984K
}
Event: 10.108 GC heap after
{Heap after GC invocations=33 (full 0):
 garbage-first heap   total 142336K, used 73480K [0x0000000080000000, 0x0000000100000000)
  region size 1024K, 1 young (1024K), 1 survivors (1024K)
 Metaspace       used 77249K, committed 77952K, reserved 557056K
  class space    used 10770K, committed 11072K, reserved 425984K
}
Event: 10.457 GC heap before
{Heap before GC invocations=33 (full 0):
 garbage-first heap   total 142336K, used 120584K [0x0000000080000000, 0x0000000100000000)
  region size 1024K, 43 young (44032K), 1 survivors (1024K)
 Metaspace       used 79777K, committed 80512K, reserved 557056K
  class space    used 11114K, committed 11456K, reserved 425984K
}
Event: 10.460 GC heap after
{Heap after GC invocations=34 (full 0):
 garbage-first heap   total 142336K, used 84811K [0x0000000080000000, 0x0000000100000000)
  region size 1024K, 6 young (6144K), 6 survivors (6144K)
 Metaspace       used 79777K, committed 80512K, reserved 557056K
  class space    used 11114K, committed 11456K, reserved 425984K
}
Event: 10.721 GC heap before
{Heap before GC invocations=35 (full 0):
 garbage-first heap   total 147456K, used 117579K [0x0000000080000000, 0x0000000100000000)
  region size 1024K, 39 young (39936K), 6 survivors (6144K)
 Metaspace       used 82627K, committed 83456K, reserved 557056K
  class space    used 11438K, committed 11840K, reserved 425984K
}
Event: 10.723 GC heap after
{Heap after GC invocations=36 (full 0):
 garbage-first heap   total 147456K, used 85685K [0x0000000080000000, 0x0000000100000000)
  region size 1024K, 1 young (1024K), 1 survivors (1024K)
 Metaspace       used 82627K, committed 83456K, reserved 557056K
  class space    used 11438K, committed 11840K, reserved 425984K
}
Event: 10.795 GC heap before
{Heap before GC invocations=36 (full 0):
 garbage-first heap   total 147456K, used 90805K [0x0000000080000000, 0x0000000100000000)
  region size 1024K, 7 young (7168K), 1 survivors (1024K)
 Metaspace       used 84132K, committed 84864K, reserved 557056K
  class space    used 11607K, committed 11968K, reserved 425984K
}
Event: 10.797 GC heap after
{Heap after GC invocations=37 (full 0):
 garbage-first heap   total 147456K, used 86302K [0x0000000080000000, 0x0000000100000000)
  region size 1024K, 1 young (1024K), 1 survivors (1024K)
 Metaspace       used 84132K, committed 84864K, reserved 557056K
  class space    used 11607K, committed 11968K, reserved 425984K
}
Event: 11.023 GC heap before
{Heap before GC invocations=37 (full 0):
 garbage-first heap   total 147456K, used 127262K [0x0000000080000000, 0x0000000100000000)
  region size 1024K, 35 young (35840K), 1 survivors (1024K)
 Metaspace       used 85726K, committed 86464K, reserved 557056K
  class space    used 11825K, committed 12160K, reserved 425984K
}
Event: 11.025 GC heap after
{Heap after GC invocations=38 (full 0):
 garbage-first heap   total 147456K, used 89835K [0x0000000080000000, 0x0000000100000000)
  region size 1024K, 5 young (5120K), 5 survivors (5120K)
 Metaspace       used 85726K, committed 86464K, reserved 557056K
  class space    used 11825K, committed 12160K, reserved 425984K
}
Event: 11.279 GC heap before
{Heap before GC invocations=38 (full 0):
 garbage-first heap   total 147456K, used 121579K [0x0000000080000000, 0x0000000100000000)
  region size 1024K, 36 young (36864K), 5 survivors (5120K)
 Metaspace       used 88032K, committed 88832K, reserved 557056K
  class space    used 12110K, committed 12480K, reserved 425984K
}
Event: 11.281 GC heap after
{Heap after GC invocations=39 (full 0):
 garbage-first heap   total 147456K, used 91966K [0x0000000080000000, 0x0000000100000000)
  region size 1024K, 2 young (2048K), 2 survivors (2048K)
 Metaspace       used 88032K, committed 88832K, reserved 557056K
  class space    used 12110K, committed 12480K, reserved 425984K
}
Event: 11.496 GC heap before
{Heap before GC invocations=39 (full 0):
 garbage-first heap   total 147456K, used 123710K [0x0000000080000000, 0x0000000100000000)
  region size 1024K, 33 young (33792K), 2 survivors (2048K)
 Metaspace       used 90519K, committed 91264K, reserved 557056K
  class space    used 12465K, committed 12800K, reserved 425984K
}
Event: 11.498 GC heap after
{Heap after GC invocations=40 (full 0):
 garbage-first heap   total 147456K, used 93119K [0x0000000080000000, 0x0000000100000000)
  region size 1024K, 3 young (3072K), 3 survivors (3072K)
 Metaspace       used 90519K, committed 91264K, reserved 557056K
  class space    used 12465K, committed 12800K, reserved 425984K
}
Event: 11.621 GC heap before
{Heap before GC invocations=40 (full 0):
 garbage-first heap   total 147456K, used 124863K [0x0000000080000000, 0x0000000100000000)
  region size 1024K, 34 young (34816K), 3 survivors (3072K)
 Metaspace       used 90739K, committed 91520K, reserved 557056K
  class space    used 12509K, committed 12864K, reserved 425984K
}
Event: 11.624 GC heap after
{Heap after GC invocations=41 (full 0):
 garbage-first heap   total 147456K, used 95662K [0x0000000080000000, 0x0000000100000000)
  region size 1024K, 4 young (4096K), 4 survivors (4096K)
 Metaspace       used 90739K, committed 91520K, reserved 557056K
  class space    used 12509K, committed 12864K, reserved 425984K
}
Event: 13.779 GC heap before
{Heap before GC invocations=41 (full 0):
 garbage-first heap   total 147456K, used 124334K [0x0000000080000000, 0x0000000100000000)
  region size 1024K, 32 young (32768K), 4 survivors (4096K)
 Metaspace       used 92046K, committed 92864K, reserved 557056K
  class space    used 12695K, committed 13056K, reserved 425984K
}
Event: 13.783 GC heap after
{Heap after GC invocations=42 (full 0):
 garbage-first heap   total 294912K, used 97736K [0x0000000080000000, 0x0000000100000000)
  region size 1024K, 3 young (3072K), 3 survivors (3072K)
 Metaspace       used 92046K, committed 92864K, reserved 557056K
  class space    used 12695K, committed 13056K, reserved 425984K
}
Event: 14.934 GC heap before
{Heap before GC invocations=42 (full 0):
 garbage-first heap   total 294912K, used 241096K [0x0000000080000000, 0x0000000100000000)
  region size 1024K, 139 young (142336K), 3 survivors (3072K)
 Metaspace       used 100990K, committed 101760K, reserved 557056K
  class space    used 14083K, committed 14400K, reserved 425984K
}
Event: 14.940 GC heap after
{Heap after GC invocations=43 (full 0):
 garbage-first heap   total 294912K, used 112559K [0x0000000080000000, 0x0000000100000000)
  region size 1024K, 13 young (13312K), 13 survivors (13312K)
 Metaspace       used 100990K, committed 101760K, reserved 557056K
  class space    used 14083K, committed 14400K, reserved 425984K
}

