# JRE version: OpenJDK Runtime Environment (17.0.7) (build 17.0.7+0-b2043.56-10550314)
# Java VM: OpenJDK 64-Bit Server VM (17.0.7+0-b2043.56-10550314, mixed mode, tiered, compressed oops, compressed class ptrs, g1 gc, windows-amd64)
GC Precious Log:
 CPUs: 12 total, 12 available
 Memory: 15724M
 Large Page Support: Disabled
 NUMA Support: Disabled
 Compressed Oops: Enabled (32-bit)
 Heap Region Size: 1M
 Heap Min Capacity: 8M
 Heap Initial Capacity: 246M
 Heap Max Capacity: 2G
 Pre-touch: Disabled
 Parallel Workers: 10
 Concurrent Workers: 3
 Concurrent Refinement Workers: 10
 Periodic GC: Disabled
Heap:
 garbage-first heap   total 138240K, used 85687K [0x0000000080000000, 0x0000000100000000)
  region size 1024K, 1 young (1024K), 1 survivors (1024K)
 Metaspace       used 79235K, committed 79936K, reserved 557056K
  class space    used 11047K, committed 11392K, reserved 425984K
GC Heap History (20 events):
Event: 6.499 GC heap after
{Heap after GC invocations=24 (full 0):
 garbage-first heap   total 96256K, used 54508K [0x0000000080000000, 0x0000000100000000)
  region size 1024K, 2 young (2048K), 2 survivors (2048K)
 Metaspace       used 63561K, committed 64128K, reserved 491520K
  class space    used 8760K, committed 9024K, reserved 425984K
}
Event: 6.646 GC heap before
{Heap before GC invocations=25 (full 0):
 garbage-first heap   total 106496K, used 79084K [0x0000000080000000, 0x0000000100000000)
  region size 1024K, 23 young (23552K), 2 survivors (2048K)
 Metaspace       used 65073K, committed 65728K, reserved 491520K
  class space    used 8949K, committed 9216K, reserved 425984K
}
Event: 6.648 GC heap after
{Heap after GC invocations=26 (full 0):
 garbage-first heap   total 106496K, used 59571K [0x0000000080000000, 0x0000000100000000)
  region size 1024K, 3 young (3072K), 3 survivors (3072K)
 Metaspace       used 65073K, committed 65728K, reserved 491520K
  class space    used 8949K, committed 9216K, reserved 425984K
}
Event: 6.825 GC heap before
{Heap before GC invocations=26 (full 0):
 garbage-first heap   total 106496K, used 84147K [0x0000000080000000, 0x0000000100000000)
  region size 1024K, 27 young (27648K), 3 survivors (3072K)
 Metaspace       used 67232K, committed 67840K, reserved 491520K
  class space    used 9282K, committed 9536K, reserved 425984K
}
Event: 6.827 GC heap after
{Heap after GC invocations=27 (full 0):
 garbage-first heap   total 106496K, used 60661K [0x0000000080000000, 0x0000000100000000)
  region size 1024K, 3 young (3072K), 3 survivors (3072K)
 Metaspace       used 67232K, committed 67840K, reserved 491520K
  class space    used 9282K, committed 9536K, reserved 425984K
}
Event: 6.994 GC heap before
{Heap before GC invocations=28 (full 0):
 garbage-first heap   total 109568K, used 84213K [0x0000000080000000, 0x0000000100000000)
  region size 1024K, 27 young (27648K), 3 survivors (3072K)
 Metaspace       used 70215K, committed 70848K, reserved 491520K
  class space    used 9683K, committed 9984K, reserved 425984K
}
Event: 6.997 GC heap after
{Heap after GC invocations=29 (full 0):
 garbage-first heap   total 132096K, used 61739K [0x0000000080000000, 0x0000000100000000)
  region size 1024K, 4 young (4096K), 4 survivors (4096K)
 Metaspace       used 70215K, committed 70848K, reserved 491520K
  class space    used 9683K, committed 9984K, reserved 425984K
}
Event: 7.291 GC heap before
{Heap before GC invocations=29 (full 0):
 garbage-first heap   total 132096K, used 101675K [0x0000000080000000, 0x0000000100000000)
  region size 1024K, 44 young (45056K), 4 survivors (4096K)
 Metaspace       used 72519K, committed 73152K, reserved 491520K
  class space    used 10035K, committed 10304K, reserved 425984K
}
Event: 7.294 GC heap after
{Heap after GC invocations=30 (full 0):
 garbage-first heap   total 132096K, used 65464K [0x0000000080000000, 0x0000000100000000)
  region size 1024K, 6 young (6144K), 6 survivors (6144K)
 Metaspace       used 72519K, committed 73152K, reserved 491520K
  class space    used 10035K, committed 10304K, reserved 425984K
}
Event: 7.651 GC heap before
{Heap before GC invocations=30 (full 0):
 garbage-first heap   total 132096K, used 104376K [0x0000000080000000, 0x0000000100000000)
  region size 1024K, 44 young (45056K), 6 survivors (6144K)
 Metaspace       used 75152K, committed 75840K, reserved 491520K
  class space    used 10451K, committed 10752K, reserved 425984K
}
Event: 7.656 GC heap after
{Heap after GC invocations=31 (full 0):
 garbage-first heap   total 132096K, used 68618K [0x0000000080000000, 0x0000000100000000)
  region size 1024K, 4 young (4096K), 4 survivors (4096K)
 Metaspace       used 75152K, committed 75840K, reserved 491520K
  class space    used 10451K, committed 10752K, reserved 425984K
}
Event: 7.960 GC heap before
{Heap before GC invocations=32 (full 0):
 garbage-first heap   total 132096K, used 104458K [0x0000000080000000, 0x0000000100000000)
  region size 1024K, 40 young (40960K), 4 survivors (4096K)
 Metaspace       used 76650K, committed 77376K, reserved 557056K
  class space    used 10698K, committed 11008K, reserved 425984K
}
Event: 7.964 GC heap after
{Heap after GC invocations=33 (full 0):
 garbage-first heap   total 132096K, used 72998K [0x0000000080000000, 0x0000000100000000)
  region size 1024K, 5 young (5120K), 5 survivors (5120K)
 Metaspace       used 76650K, committed 77376K, reserved 557056K
  class space    used 10698K, committed 11008K, reserved 425984K
}
Event: 7.971 GC heap before
{Heap before GC invocations=33 (full 0):
 garbage-first heap   total 132096K, used 74022K [0x0000000080000000, 0x0000000100000000)
  region size 1024K, 6 young (6144K), 5 survivors (5120K)
 Metaspace       used 76669K, committed 77376K, reserved 557056K
  class space    used 10702K, committed 11008K, reserved 425984K
}
Event: 7.974 GC heap after
{Heap after GC invocations=34 (full 0):
 garbage-first heap   total 132096K, used 73771K [0x0000000080000000, 0x0000000100000000)
  region size 1024K, 1 young (1024K), 1 survivors (1024K)
 Metaspace       used 76669K, committed 77376K, reserved 557056K
  class space    used 10702K, committed 11008K, reserved 425984K
}
Event: 8.141 GC heap before
{Heap before GC invocations=34 (full 0):
 garbage-first heap   total 132096K, used 91179K [0x0000000080000000, 0x0000000100000000)
  region size 1024K, 20 young (20480K), 1 survivors (1024K)
 Metaspace       used 77250K, committed 77952K, reserved 557056K
  class space    used 10782K, committed 11072K, reserved 425984K
}
Event: 8.143 GC heap after
{Heap after GC invocations=35 (full 0):
 garbage-first heap   total 132096K, used 74408K [0x0000000080000000, 0x0000000100000000)
  region size 1024K, 2 young (2048K), 2 survivors (2048K)
 Metaspace       used 77250K, committed 77952K, reserved 557056K
  class space    used 10782K, committed 11072K, reserved 425984K
}
Event: 8.318 GC heap before
{Heap before GC invocations=36 (full 0):
 garbage-first heap   total 138240K, used 112296K [0x0000000080000000, 0x0000000100000000)
  region size 1024K, 35 young (35840K), 2 survivors (2048K)
 Metaspace       used 79165K, committed 79872K, reserved 557056K
  class space    used 11035K, committed 11392K, reserved 425984K
}
Event: 8.320 GC heap after
{Heap after GC invocations=37 (full 0):
 garbage-first heap   total 138240K, used 85206K [0x0000000080000000, 0x0000000100000000)
  region size 1024K, 5 young (5120K), 5 survivors (5120K)
 Metaspace       used 79165K, committed 79872K, reserved 557056K
  class space    used 11035K, committed 11392K, reserved 425984K
}
Event: 8.328 GC heap before
{Heap before GC invocations=37 (full 0):
 garbage-first heap   total 138240K, used 86230K [0x0000000080000000, 0x0000000100000000)
  region size 1024K, 6 young (6144K), 5 survivors (5120K)
 Metaspace       used 79235K, committed 79936K, reserved 557056K
  class space    used 11047K, committed 11392K, reserved 425984K
}

