# JRE version: OpenJDK Runtime Environment Microsoft-8035246 (17.0.8+7) (build 17.0.8+7-LTS)
# Java VM: OpenJDK 64-Bit Server VM Microsoft-8035246 (17.0.8+7-LTS, mixed mode, sharing, tiered, compressed oops, compressed class ptrs, g1 gc, windows-amd64)
GC Precious Log:
 CPUs: 12 total, 12 available
 Memory: 15724M
 Large Page Support: Disabled
 NUMA Support: Disabled
 Compressed Oops: Enabled (32-bit)
 Heap Region Size: 1M
 Heap Min Capacity: 8M
 Heap Initial Capacity: 246M
 Heap Max Capacity: 2G
 Pre-touch: Disabled
 Parallel Workers: 10
 Concurrent Workers: 3
 Concurrent Refinement Workers: 10
 Periodic GC: Disabled
Heap:
 garbage-first heap   total 377856K, used 301243K [0x0000000080000000, 0x0000000100000000)
  region size 1024K, 17 young (17408K), 2 survivors (2048K)
 Metaspace       used 116662K, committed 119232K, reserved 557056K
  class space    used 15874K, committed 16960K, reserved 425984K
GC Heap History (20 events):
Event: 12950.898 GC heap before
{Heap before GC invocations=84 (full 0):
 garbage-first heap   total 377856K, used 329008K [0x0000000080000000, 0x0000000100000000)
  region size 1024K, 32 young (32768K), 5 survivors (5120K)
 Metaspace       used 114104K, committed 115776K, reserved 557056K
  class space    used 15709K, committed 16512K, reserved 425984K
}
Event: 12950.902 GC heap after
{Heap after GC invocations=85 (full 0):
 garbage-first heap   total 377856K, used 303303K [0x0000000080000000, 0x0000000100000000)
  region size 1024K, 2 young (2048K), 2 survivors (2048K)
 Metaspace       used 114104K, committed 115776K, reserved 557056K
  class space    used 15709K, committed 16512K, reserved 425984K
}
Event: 12950.978 GC heap before
{Heap before GC invocations=85 (full 0):
 garbage-first heap   total 377856K, used 329927K [0x0000000080000000, 0x0000000100000000)
  region size 1024K, 28 young (28672K), 2 survivors (2048K)
 Metaspace       used 114142K, committed 115840K, reserved 557056K
  class space    used 15709K, committed 16512K, reserved 425984K
}
Event: 12950.980 GC heap after
{Heap after GC invocations=86 (full 0):
 garbage-first heap   total 377856K, used 303944K [0x0000000080000000, 0x0000000100000000)
  region size 1024K, 3 young (3072K), 3 survivors (3072K)
 Metaspace       used 114142K, committed 115840K, reserved 557056K
  class space    used 15709K, committed 16512K, reserved 425984K
}
Event: 12951.045 GC heap before
{Heap before GC invocations=86 (full 0):
 garbage-first heap   total 377856K, used 330568K [0x0000000080000000, 0x0000000100000000)
  region size 1024K, 29 young (29696K), 3 survivors (3072K)
 Metaspace       used 114159K, committed 115840K, reserved 557056K
  class space    used 15709K, committed 16512K, reserved 425984K
}
Event: 12951.046 GC heap after
{Heap after GC invocations=87 (full 0):
 garbage-first heap   total 377856K, used 303866K [0x0000000080000000, 0x0000000100000000)
  region size 1024K, 3 young (3072K), 3 survivors (3072K)
 Metaspace       used 114159K, committed 115840K, reserved 557056K
  class space    used 15709K, committed 16512K, reserved 425984K
}
Event: 12951.213 GC heap before
{Heap before GC invocations=87 (full 0):
 garbage-first heap   total 377856K, used 332538K [0x0000000080000000, 0x0000000100000000)
  region size 1024K, 31 young (31744K), 3 survivors (3072K)
 Metaspace       used 114881K, committed 116480K, reserved 557056K
  class space    used 15800K, committed 16576K, reserved 425984K
}
Event: 12951.215 GC heap after
{Heap after GC invocations=88 (full 0):
 garbage-first heap   total 377856K, used 304473K [0x0000000080000000, 0x0000000100000000)
  region size 1024K, 3 young (3072K), 3 survivors (3072K)
 Metaspace       used 114881K, committed 116480K, reserved 557056K
  class space    used 15800K, committed 16576K, reserved 425984K
}
Event: 12951.437 GC heap before
{Heap before GC invocations=88 (full 0):
 garbage-first heap   total 377856K, used 333145K [0x0000000080000000, 0x0000000100000000)
  region size 1024K, 31 young (31744K), 3 survivors (3072K)
 Metaspace       used 116749K, committed 118400K, reserved 557056K
  class space    used 16013K, committed 16832K, reserved 425984K
}
Event: 12951.440 GC heap after
{Heap after GC invocations=89 (full 0):
 garbage-first heap   total 377856K, used 305972K [0x0000000080000000, 0x0000000100000000)
  region size 1024K, 4 young (4096K), 4 survivors (4096K)
 Metaspace       used 116749K, committed 118400K, reserved 557056K
  class space    used 16013K, committed 16832K, reserved 425984K
}
Event: 12951.473 GC heap before
{Heap before GC invocations=89 (full 0):
 garbage-first heap   total 377856K, used 333620K [0x0000000080000000, 0x0000000100000000)
  region size 1024K, 31 young (31744K), 4 survivors (4096K)
 Metaspace       used 116771K, committed 118464K, reserved 557056K
  class space    used 16013K, committed 16832K, reserved 425984K
}
Event: 12951.475 GC heap after
{Heap after GC invocations=90 (full 0):
 garbage-first heap   total 377856K, used 306042K [0x0000000080000000, 0x0000000100000000)
  region size 1024K, 2 young (2048K), 2 survivors (2048K)
 Metaspace       used 116771K, committed 118464K, reserved 557056K
  class space    used 16013K, committed 16832K, reserved 425984K
}
Event: 12951.686 GC heap before
{Heap before GC invocations=90 (full 0):
 garbage-first heap   total 377856K, used 332666K [0x0000000080000000, 0x0000000100000000)
  region size 1024K, 29 young (29696K), 2 survivors (2048K)
 Metaspace       used 117294K, committed 119040K, reserved 557056K
  class space    used 16075K, committed 16896K, reserved 425984K
}
Event: 12951.689 GC heap after
{Heap after GC invocations=91 (full 0):
 garbage-first heap   total 377856K, used 309468K [0x0000000080000000, 0x0000000100000000)
  region size 1024K, 4 young (4096K), 4 survivors (4096K)
 Metaspace       used 117294K, committed 119040K, reserved 557056K
  class space    used 16075K, committed 16896K, reserved 425984K
}
Event: 12951.795 GC heap before
{Heap before GC invocations=91 (full 0):
 garbage-first heap   total 377856K, used 331996K [0x0000000080000000, 0x0000000100000000)
  region size 1024K, 27 young (27648K), 4 survivors (4096K)
 Metaspace       used 117339K, committed 119104K, reserved 557056K
  class space    used 16075K, committed 16896K, reserved 425984K
}
Event: 12951.799 GC heap after
{Heap after GC invocations=92 (full 0):
 garbage-first heap   total 377856K, used 314215K [0x0000000080000000, 0x0000000100000000)
  region size 1024K, 4 young (4096K), 4 survivors (4096K)
 Metaspace       used 117339K, committed 119104K, reserved 557056K
  class space    used 16075K, committed 16896K, reserved 425984K
}
Event: 12952.571 GC heap before
{Heap before GC invocations=92 (full 0):
 garbage-first heap   total 377856K, used 332647K [0x0000000080000000, 0x0000000100000000)
  region size 1024K, 22 young (22528K), 4 survivors (4096K)
 Metaspace       used 117409K, committed 119104K, reserved 557056K
  class space    used 16082K, committed 16896K, reserved 425984K
}
Event: 12952.574 GC heap after
{Heap after GC invocations=93 (full 0):
 garbage-first heap   total 377856K, used 317501K [0x0000000080000000, 0x0000000100000000)
  region size 1024K, 3 young (3072K), 3 survivors (3072K)
 Metaspace       used 117409K, committed 119104K, reserved 557056K
  class space    used 16082K, committed 16896K, reserved 425984K
}
Event: 12999.312 GC heap before
{Heap before GC invocations=93 (full 0):
 garbage-first heap   total 377856K, used 331837K [0x0000000080000000, 0x0000000100000000)
  region size 1024K, 18 young (18432K), 3 survivors (3072K)
 Metaspace       used 117428K, committed 119168K, reserved 557056K
  class space    used 16084K, committed 16896K, reserved 425984K
}
Event: 12999.316 GC heap after
{Heap after GC invocations=94 (full 0):
 garbage-first heap   total 377856K, used 318651K [0x0000000080000000, 0x0000000100000000)
  region size 1024K, 2 young (2048K), 2 survivors (2048K)
 Metaspace       used 117428K, committed 119168K, reserved 557056K
  class space    used 16084K, committed 16896K, reserved 425984K
}

