# JRE version: OpenJDK Runtime Environment (17.0.7) (build 17.0.7+0-b2043.56-10550314)
# Java VM: OpenJDK 64-Bit Server VM (17.0.7+0-b2043.56-10550314, mixed mode, tiered, compressed oops, compressed class ptrs, g1 gc, windows-amd64)
GC Precious Log:
 CPUs: 12 total, 12 available
 Memory: 15724M
 Large Page Support: Disabled
 NUMA Support: Disabled
 Compressed Oops: Enabled (32-bit)
 Heap Region Size: 1M
 Heap Min Capacity: 8M
 Heap Initial Capacity: 246M
 Heap Max Capacity: 2G
 Pre-touch: Disabled
 Parallel Workers: 10
 Concurrent Workers: 3
 Concurrent Refinement Workers: 10
 Periodic GC: Disabled
Heap:
 garbage-first heap   total 175104K, used 100962K [0x0000000080000000, 0x0000000100000000)
  region size 1024K, 8 young (8192K), 1 survivors (1024K)
 Metaspace       used 90846K, committed 91648K, reserved 557056K
  class space    used 12536K, committed 12928K, reserved 425984K
GC Heap History (20 events):
Event: 9.241 GC heap before
{Heap before GC invocations=33 (full 0):
 garbage-first heap   total 129024K, used 70031K [0x0000000080000000, 0x0000000100000000)
  region size 1024K, 6 young (6144K), 4 survivors (4096K)
 Metaspace       used 74871K, committed 75520K, reserved 491520K
  class space    used 10390K, committed 10688K, reserved 425984K
}
Event: 9.243 GC heap after
{Heap after GC invocations=34 (full 0):
 garbage-first heap   total 129024K, used 68421K [0x0000000080000000, 0x0000000100000000)
  region size 1024K, 1 young (1024K), 1 survivors (1024K)
 Metaspace       used 74871K, committed 75520K, reserved 491520K
  class space    used 10390K, committed 10688K, reserved 425984K
}
Event: 9.583 GC heap before
{Heap before GC invocations=34 (full 0):
 garbage-first heap   total 129024K, used 103237K [0x0000000080000000, 0x0000000100000000)
  region size 1024K, 35 young (35840K), 1 survivors (1024K)
 Metaspace       used 76279K, committed 76992K, reserved 557056K
  class space    used 10627K, committed 10944K, reserved 425984K
}
Event: 9.587 GC heap after
{Heap after GC invocations=35 (full 0):
 garbage-first heap   total 129024K, used 71997K [0x0000000080000000, 0x0000000100000000)
  region size 1024K, 5 young (5120K), 5 survivors (5120K)
 Metaspace       used 76279K, committed 76992K, reserved 557056K
  class space    used 10627K, committed 10944K, reserved 425984K
}
Event: 9.906 GC heap before
{Heap before GC invocations=36 (full 0):
 garbage-first heap   total 129024K, used 106813K [0x0000000080000000, 0x0000000100000000)
  region size 1024K, 36 young (36864K), 5 survivors (5120K)
 Metaspace       used 77288K, committed 77952K, reserved 557056K
  class space    used 10786K, committed 11072K, reserved 425984K
}
Event: 9.909 GC heap after
{Heap after GC invocations=37 (full 0):
 garbage-first heap   total 129024K, used 81175K [0x0000000080000000, 0x0000000100000000)
  region size 1024K, 5 young (5120K), 5 survivors (5120K)
 Metaspace       used 77288K, committed 77952K, reserved 557056K
  class space    used 10786K, committed 11072K, reserved 425984K
}
Event: 9.919 GC heap before
{Heap before GC invocations=37 (full 0):
 garbage-first heap   total 129024K, used 82199K [0x0000000080000000, 0x0000000100000000)
  region size 1024K, 6 young (6144K), 5 survivors (5120K)
 Metaspace       used 77317K, committed 78016K, reserved 557056K
  class space    used 10789K, committed 11072K, reserved 425984K
}
Event: 9.920 GC heap after
{Heap after GC invocations=38 (full 0):
 garbage-first heap   total 175104K, used 83178K [0x0000000080000000, 0x0000000100000000)
  region size 1024K, 1 young (1024K), 1 survivors (1024K)
 Metaspace       used 77317K, committed 78016K, reserved 557056K
  class space    used 10789K, committed 11072K, reserved 425984K
}
Event: 10.265 GC heap before
{Heap before GC invocations=38 (full 0):
 garbage-first heap   total 175104K, used 135402K [0x0000000080000000, 0x0000000100000000)
  region size 1024K, 53 young (54272K), 1 survivors (1024K)
 Metaspace       used 81677K, committed 82496K, reserved 557056K
  class space    used 11322K, committed 11712K, reserved 425984K
}
Event: 10.267 GC heap after
{Heap after GC invocations=39 (full 0):
 garbage-first heap   total 175104K, used 85754K [0x0000000080000000, 0x0000000100000000)
  region size 1024K, 4 young (4096K), 4 survivors (4096K)
 Metaspace       used 81677K, committed 82496K, reserved 557056K
  class space    used 11322K, committed 11712K, reserved 425984K
}
Event: 10.657 GC heap before
{Heap before GC invocations=40 (full 0):
 garbage-first heap   total 175104K, used 144122K [0x0000000080000000, 0x0000000100000000)
  region size 1024K, 55 young (56320K), 4 survivors (4096K)
 Metaspace       used 85587K, committed 86336K, reserved 557056K
  class space    used 11820K, committed 12160K, reserved 425984K
}
Event: 10.659 GC heap after
{Heap after GC invocations=41 (full 0):
 garbage-first heap   total 175104K, used 90237K [0x0000000080000000, 0x0000000100000000)
  region size 1024K, 7 young (7168K), 7 survivors (7168K)
 Metaspace       used 85587K, committed 86336K, reserved 557056K
  class space    used 11820K, committed 12160K, reserved 425984K
}
Event: 10.668 GC heap before
{Heap before GC invocations=41 (full 0):
 garbage-first heap   total 175104K, used 91261K [0x0000000080000000, 0x0000000100000000)
  region size 1024K, 8 young (8192K), 7 survivors (7168K)
 Metaspace       used 85626K, committed 86400K, reserved 557056K
  class space    used 11828K, committed 12160K, reserved 425984K
}
Event: 10.670 GC heap after
{Heap after GC invocations=42 (full 0):
 garbage-first heap   total 175104K, used 90242K [0x0000000080000000, 0x0000000100000000)
  region size 1024K, 1 young (1024K), 1 survivors (1024K)
 Metaspace       used 85626K, committed 86400K, reserved 557056K
  class space    used 11828K, committed 12160K, reserved 425984K
}
Event: 10.999 GC heap before
{Heap before GC invocations=42 (full 0):
 garbage-first heap   total 175104K, used 139394K [0x0000000080000000, 0x0000000100000000)
  region size 1024K, 49 young (50176K), 1 survivors (1024K)
 Metaspace       used 89378K, committed 90176K, reserved 557056K
  class space    used 12336K, committed 12672K, reserved 425984K
}
Event: 11.001 GC heap after
{Heap after GC invocations=43 (full 0):
 garbage-first heap   total 175104K, used 91781K [0x0000000080000000, 0x0000000100000000)
  region size 1024K, 3 young (3072K), 3 survivors (3072K)
 Metaspace       used 89378K, committed 90176K, reserved 557056K
  class space    used 12336K, committed 12672K, reserved 425984K
}
Event: 11.253 GC heap before
{Heap before GC invocations=44 (full 0):
 garbage-first heap   total 175104K, used 140933K [0x0000000080000000, 0x0000000100000000)
  region size 1024K, 51 young (52224K), 3 survivors (3072K)
 Metaspace       used 90660K, committed 91456K, reserved 557056K
  class space    used 12513K, committed 12864K, reserved 425984K
}
Event: 11.256 GC heap after
{Heap after GC invocations=45 (full 0):
 garbage-first heap   total 175104K, used 95228K [0x0000000080000000, 0x0000000100000000)
  region size 1024K, 6 young (6144K), 6 survivors (6144K)
 Metaspace       used 90660K, committed 91456K, reserved 557056K
  class space    used 12513K, committed 12864K, reserved 425984K
}
Event: 11.265 GC heap before
{Heap before GC invocations=45 (full 0):
 garbage-first heap   total 175104K, used 97276K [0x0000000080000000, 0x0000000100000000)
  region size 1024K, 8 young (8192K), 6 survivors (6144K)
 Metaspace       used 90660K, committed 91456K, reserved 557056K
  class space    used 12513K, committed 12864K, reserved 425984K
}
Event: 11.269 GC heap after
{Heap after GC invocations=46 (full 0):
 garbage-first heap   total 175104K, used 94818K [0x0000000080000000, 0x0000000100000000)
  region size 1024K, 1 young (1024K), 1 survivors (1024K)
 Metaspace       used 90660K, committed 91456K, reserved 557056K
  class space    used 12513K, committed 12864K, reserved 425984K
}

