# JRE version: OpenJDK Runtime Environment (17.0.7) (build 17.0.7+0-b2043.56-10550314)
# Java VM: OpenJDK 64-Bit Server VM (17.0.7+0-b2043.56-10550314, mixed mode, tiered, compressed oops, compressed class ptrs, g1 gc, windows-amd64)
GC Precious Log:
 CPUs: 12 total, 12 available
 Memory: 15724M
 Large Page Support: Disabled
 NUMA Support: Disabled
 Compressed Oops: Enabled (32-bit)
 Heap Region Size: 1M
 Heap Min Capacity: 8M
 Heap Initial Capacity: 246M
 Heap Max Capacity: 2G
 Pre-touch: Disabled
 Parallel Workers: 10
 Concurrent Workers: 3
 Concurrent Refinement Workers: 10
 Periodic GC: Disabled
Heap:
 garbage-first heap   total 201728K, used 93546K [0x0000000080000000, 0x0000000100000000)
  region size 1024K, 6 young (6144K), 6 survivors (6144K)
 Metaspace       used 84217K, committed 84992K, reserved 557056K
  class space    used 11613K, committed 11968K, reserved 425984K
GC Heap History (20 events):
Event: 5.753 GC heap after
{Heap after GC invocations=17 (full 0):
 garbage-first heap   total 90112K, used 47235K [0x0000000080000000, 0x0000000100000000)
  region size 1024K, 5 young (5120K), 5 survivors (5120K)
 Metaspace       used 58000K, committed 58560K, reserved 491520K
  class space    used 7935K, committed 8192K, reserved 425984K
}
Event: 5.973 GC heap before
{Heap before GC invocations=18 (full 0):
 garbage-first heap   total 91136K, used 75907K [0x0000000080000000, 0x0000000100000000)
  region size 1024K, 30 young (30720K), 5 survivors (5120K)
 Metaspace       used 61012K, committed 61696K, reserved 491520K
  class space    used 8331K, committed 8640K, reserved 425984K
}
Event: 5.976 GC heap after
{Heap after GC invocations=19 (full 0):
 garbage-first heap   total 91136K, used 53769K [0x0000000080000000, 0x0000000100000000)
  region size 1024K, 3 young (3072K), 3 survivors (3072K)
 Metaspace       used 61012K, committed 61696K, reserved 491520K
  class space    used 8331K, committed 8640K, reserved 425984K
}
Event: 5.981 GC heap before
{Heap before GC invocations=19 (full 0):
 garbage-first heap   total 91136K, used 54793K [0x0000000080000000, 0x0000000100000000)
  region size 1024K, 4 young (4096K), 3 survivors (3072K)
 Metaspace       used 61053K, committed 61696K, reserved 491520K
  class space    used 8336K, committed 8640K, reserved 425984K
}
Event: 5.982 GC heap after
{Heap after GC invocations=20 (full 0):
 garbage-first heap   total 91136K, used 53744K [0x0000000080000000, 0x0000000100000000)
  region size 1024K, 1 young (1024K), 1 survivors (1024K)
 Metaspace       used 61053K, committed 61696K, reserved 491520K
  class space    used 8336K, committed 8640K, reserved 425984K
}
Event: 6.171 GC heap before
{Heap before GC invocations=20 (full 0):
 garbage-first heap   total 91136K, used 75248K [0x0000000080000000, 0x0000000100000000)
  region size 1024K, 22 young (22528K), 1 survivors (1024K)
 Metaspace       used 63333K, committed 63936K, reserved 491520K
  class space    used 8724K, committed 8960K, reserved 425984K
}
Event: 6.172 GC heap after
{Heap after GC invocations=21 (full 0):
 garbage-first heap   total 91136K, used 54310K [0x0000000080000000, 0x0000000100000000)
  region size 1024K, 2 young (2048K), 2 survivors (2048K)
 Metaspace       used 63333K, committed 63936K, reserved 491520K
  class space    used 8724K, committed 8960K, reserved 425984K
}
Event: 6.308 GC heap before
{Heap before GC invocations=22 (full 0):
 garbage-first heap   total 96256K, used 78886K [0x0000000080000000, 0x0000000100000000)
  region size 1024K, 23 young (23552K), 2 survivors (2048K)
 Metaspace       used 64811K, committed 65344K, reserved 491520K
  class space    used 8910K, committed 9152K, reserved 425984K
}
Event: 6.309 GC heap after
{Heap after GC invocations=23 (full 0):
 garbage-first heap   total 96256K, used 59511K [0x0000000080000000, 0x0000000100000000)
  region size 1024K, 3 young (3072K), 3 survivors (3072K)
 Metaspace       used 64811K, committed 65344K, reserved 491520K
  class space    used 8910K, committed 9152K, reserved 425984K
}
Event: 6.316 GC heap before
{Heap before GC invocations=23 (full 0):
 garbage-first heap   total 96256K, used 60535K [0x0000000080000000, 0x0000000100000000)
  region size 1024K, 4 young (4096K), 3 survivors (3072K)
 Metaspace       used 64874K, committed 65408K, reserved 491520K
  class space    used 8917K, committed 9152K, reserved 425984K
}
Event: 6.318 GC heap after
{Heap after GC invocations=24 (full 0):
 garbage-first heap   total 162816K, used 59216K [0x0000000080000000, 0x0000000100000000)
  region size 1024K, 1 young (1024K), 1 survivors (1024K)
 Metaspace       used 64874K, committed 65408K, reserved 491520K
  class space    used 8917K, committed 9152K, reserved 425984K
}
Event: 6.716 GC heap before
{Heap before GC invocations=24 (full 0):
 garbage-first heap   total 162816K, used 116560K [0x0000000080000000, 0x0000000100000000)
  region size 1024K, 58 young (59392K), 1 survivors (1024K)
 Metaspace       used 70348K, committed 70976K, reserved 491520K
  class space    used 9683K, committed 9920K, reserved 425984K
}
Event: 6.718 GC heap after
{Heap after GC invocations=25 (full 0):
 garbage-first heap   total 162816K, used 62457K [0x0000000080000000, 0x0000000100000000)
  region size 1024K, 4 young (4096K), 4 survivors (4096K)
 Metaspace       used 70348K, committed 70976K, reserved 491520K
  class space    used 9683K, committed 9920K, reserved 425984K
}
Event: 7.148 GC heap before
{Heap before GC invocations=25 (full 0):
 garbage-first heap   total 162816K, used 124921K [0x0000000080000000, 0x0000000100000000)
  region size 1024K, 65 young (66560K), 4 survivors (4096K)
 Metaspace       used 74374K, committed 75008K, reserved 491520K
  class space    used 10311K, committed 10560K, reserved 425984K
}
Event: 7.153 GC heap after
{Heap after GC invocations=26 (full 0):
 garbage-first heap   total 162816K, used 67119K [0x0000000080000000, 0x0000000100000000)
  region size 1024K, 8 young (8192K), 8 survivors (8192K)
 Metaspace       used 74374K, committed 75008K, reserved 491520K
  class space    used 10311K, committed 10560K, reserved 425984K
}
Event: 7.655 GC heap before
{Heap before GC invocations=26 (full 0):
 garbage-first heap   total 162816K, used 126511K [0x0000000080000000, 0x0000000100000000)
  region size 1024K, 66 young (67584K), 8 survivors (8192K)
 Metaspace       used 77195K, committed 77888K, reserved 557056K
  class space    used 10770K, committed 11072K, reserved 425984K
}
Event: 7.661 GC heap after
{Heap after GC invocations=27 (full 0):
 garbage-first heap   total 162816K, used 72221K [0x0000000080000000, 0x0000000100000000)
  region size 1024K, 9 young (9216K), 9 survivors (9216K)
 Metaspace       used 77195K, committed 77888K, reserved 557056K
  class space    used 10770K, committed 11072K, reserved 425984K
}
Event: 7.955 GC heap before
{Heap before GC invocations=27 (full 0):
 garbage-first heap   total 162816K, used 131613K [0x0000000080000000, 0x0000000100000000)
  region size 1024K, 63 young (64512K), 9 survivors (9216K)
 Metaspace       used 80172K, committed 80960K, reserved 557056K
  class space    used 11154K, committed 11520K, reserved 425984K
}
Event: 7.960 GC heap after
{Heap after GC invocations=28 (full 0):
 garbage-first heap   total 162816K, used 84892K [0x0000000080000000, 0x0000000100000000)
  region size 1024K, 8 young (8192K), 8 survivors (8192K)
 Metaspace       used 80172K, committed 80960K, reserved 557056K
  class space    used 11154K, committed 11520K, reserved 425984K
}
Event: 8.199 GC heap before
{Heap before GC invocations=28 (full 0):
 garbage-first heap   total 162816K, used 133020K [0x0000000080000000, 0x0000000100000000)
  region size 1024K, 51 young (52224K), 8 survivors (8192K)
 Metaspace       used 84217K, committed 84992K, reserved 557056K
  class space    used 11613K, committed 11968K, reserved 425984K
}

