# JRE version: OpenJDK Runtime Environment Microsoft-8035246 (17.0.8+7) (build 17.0.8+7-LTS)
# Java VM: OpenJDK 64-Bit Server VM Microsoft-8035246 (17.0.8+7-LTS, mixed mode, sharing, tiered, compressed oops, compressed class ptrs, g1 gc, windows-amd64)
GC Precious Log:
 CPUs: 12 total, 12 available
 Memory: 15724M
 Large Page Support: Disabled
 NUMA Support: Disabled
 Compressed Oops: Enabled (Zero based)
 Heap Region Size: 2M
 Heap Min Capacity: 8M
 Heap Initial Capacity: 246M
 Heap Max Capacity: 3932M
 Pre-touch: Disabled
 Parallel Workers: 10
 Concurrent Workers: 3
 Concurrent Refinement Workers: 10
 Periodic GC: Disabled
Heap:
 garbage-first heap   total 182272K, used 103247K [0x000000070a400000, 0x0000000800000000)
  region size 2048K, 16 young (32768K), 1 survivors (2048K)
 Metaspace       used 60614K, committed 60928K, reserved 1114112K
  class space    used 6949K, committed 7104K, reserved 1048576K
GC Heap History (20 events):
Event: 2.099 GC heap before
{Heap before GC invocations=6 (full 0):
 garbage-first heap   total 75776K, used 52934K [0x000000070a400000, 0x0000000800000000)
  region size 2048K, 14 young (28672K), 1 survivors (2048K)
 Metaspace       used 32182K, committed 32448K, reserved 1114112K
  class space    used 4051K, committed 4160K, reserved 1048576K
}
Event: 2.103 GC heap after
{Heap after GC invocations=7 (full 0):
 garbage-first heap   total 75776K, used 26540K [0x000000070a400000, 0x0000000800000000)
  region size 2048K, 2 young (4096K), 2 survivors (4096K)
 Metaspace       used 32182K, committed 32448K, reserved 1114112K
  class space    used 4051K, committed 4160K, reserved 1048576K
}
Event: 2.341 GC heap before
{Heap before GC invocations=7 (full 0):
 garbage-first heap   total 75776K, used 40876K [0x000000070a400000, 0x0000000800000000)
  region size 2048K, 10 young (20480K), 2 survivors (4096K)
 Metaspace       used 35718K, committed 35968K, reserved 1114112K
  class space    used 4427K, committed 4544K, reserved 1048576K
}
Event: 2.347 GC heap after
{Heap after GC invocations=8 (full 0):
 garbage-first heap   total 135168K, used 27952K [0x000000070a400000, 0x0000000800000000)
  region size 2048K, 1 young (2048K), 1 survivors (2048K)
 Metaspace       used 35718K, committed 35968K, reserved 1114112K
  class space    used 4427K, committed 4544K, reserved 1048576K
}
Event: 3.163 GC heap before
{Heap before GC invocations=9 (full 0):
 garbage-first heap   total 102400K, used 87344K [0x000000070a400000, 0x0000000800000000)
  region size 2048K, 30 young (61440K), 1 survivors (2048K)
 Metaspace       used 41541K, committed 41792K, reserved 1114112K
  class space    used 5061K, committed 5184K, reserved 1048576K
}
Event: 3.177 GC heap after
{Heap after GC invocations=10 (full 0):
 garbage-first heap   total 102400K, used 36729K [0x000000070a400000, 0x0000000800000000)
  region size 2048K, 4 young (8192K), 4 survivors (8192K)
 Metaspace       used 41541K, committed 41792K, reserved 1114112K
  class space    used 5061K, committed 5184K, reserved 1048576K
}
Event: 3.220 GC heap before
{Heap before GC invocations=10 (full 0):
 garbage-first heap   total 102400K, used 36729K [0x000000070a400000, 0x0000000800000000)
  region size 2048K, 5 young (10240K), 4 survivors (8192K)
 Metaspace       used 41888K, committed 42048K, reserved 1114112K
  class space    used 5111K, committed 5184K, reserved 1048576K
}
Event: 3.233 GC heap after
{Heap after GC invocations=11 (full 0):
 garbage-first heap   total 102400K, used 37556K [0x000000070a400000, 0x0000000800000000)
  region size 2048K, 1 young (2048K), 1 survivors (2048K)
 Metaspace       used 41888K, committed 42048K, reserved 1114112K
  class space    used 5111K, committed 5184K, reserved 1048576K
}
Event: 4.073 GC heap before
{Heap before GC invocations=11 (full 0):
 garbage-first heap   total 102400K, used 74420K [0x000000070a400000, 0x0000000800000000)
  region size 2048K, 19 young (38912K), 1 survivors (2048K)
 Metaspace       used 49299K, committed 49600K, reserved 1114112K
  class space    used 6021K, committed 6208K, reserved 1048576K
}
Event: 4.085 GC heap after
{Heap after GC invocations=12 (full 0):
 garbage-first heap   total 102400K, used 41631K [0x000000070a400000, 0x0000000800000000)
  region size 2048K, 3 young (6144K), 3 survivors (6144K)
 Metaspace       used 49299K, committed 49600K, reserved 1114112K
  class space    used 6021K, committed 6208K, reserved 1048576K
}
Event: 5.149 GC heap before
{Heap before GC invocations=12 (full 0):
 garbage-first heap   total 102400K, used 74399K [0x000000070a400000, 0x0000000800000000)
  region size 2048K, 20 young (40960K), 3 survivors (6144K)
 Metaspace       used 52603K, committed 52928K, reserved 1114112K
  class space    used 6345K, committed 6528K, reserved 1048576K
}
Event: 5.167 GC heap after
{Heap after GC invocations=13 (full 0):
 garbage-first heap   total 102400K, used 47275K [0x000000070a400000, 0x0000000800000000)
  region size 2048K, 3 young (6144K), 3 survivors (6144K)
 Metaspace       used 52603K, committed 52928K, reserved 1114112K
  class space    used 6345K, committed 6528K, reserved 1048576K
}
Event: 5.699 GC heap before
{Heap before GC invocations=13 (full 0):
 garbage-first heap   total 102400K, used 75947K [0x000000070a400000, 0x0000000800000000)
  region size 2048K, 17 young (34816K), 3 survivors (6144K)
 Metaspace       used 53520K, committed 53824K, reserved 1114112K
  class space    used 6398K, committed 6592K, reserved 1048576K
}
Event: 5.719 GC heap after
{Heap after GC invocations=14 (full 0):
 garbage-first heap   total 182272K, used 53515K [0x000000070a400000, 0x0000000800000000)
  region size 2048K, 3 young (6144K), 3 survivors (6144K)
 Metaspace       used 53520K, committed 53824K, reserved 1114112K
  class space    used 6398K, committed 6592K, reserved 1048576K
}
Event: 7.235 GC heap before
{Heap before GC invocations=14 (full 0):
 garbage-first heap   total 182272K, used 129291K [0x000000070a400000, 0x0000000800000000)
  region size 2048K, 40 young (81920K), 3 survivors (6144K)
 Metaspace       used 56242K, committed 56576K, reserved 1114112K
  class space    used 6602K, committed 6784K, reserved 1048576K
}
Event: 7.254 GC heap after
{Heap after GC invocations=15 (full 0):
 garbage-first heap   total 182272K, used 62664K [0x000000070a400000, 0x0000000800000000)
  region size 2048K, 5 young (10240K), 5 survivors (10240K)
 Metaspace       used 56242K, committed 56576K, reserved 1114112K
  class space    used 6602K, committed 6784K, reserved 1048576K
}
Event: 9.758 GC heap before
{Heap before GC invocations=15 (full 0):
 garbage-first heap   total 182272K, used 132296K [0x000000070a400000, 0x0000000800000000)
  region size 2048K, 38 young (77824K), 5 survivors (10240K)
 Metaspace       used 59710K, committed 60032K, reserved 1114112K
  class space    used 6854K, committed 7040K, reserved 1048576K
}
Event: 9.776 GC heap after
{Heap after GC invocations=16 (full 0):
 garbage-first heap   total 182272K, used 73644K [0x000000070a400000, 0x0000000800000000)
  region size 2048K, 5 young (10240K), 5 survivors (10240K)
 Metaspace       used 59710K, committed 60032K, reserved 1114112K
  class space    used 6854K, committed 7040K, reserved 1048576K
}
Event: 9.937 GC heap before
{Heap before GC invocations=16 (full 0):
 garbage-first heap   total 182272K, used 79788K [0x000000070a400000, 0x0000000800000000)
  region size 2048K, 9 young (18432K), 5 survivors (10240K)
 Metaspace       used 60011K, committed 60288K, reserved 1114112K
  class space    used 6882K, committed 7040K, reserved 1048576K
}
Event: 9.947 GC heap after
{Heap after GC invocations=17 (full 0):
 garbage-first heap   total 182272K, used 74575K [0x000000070a400000, 0x0000000800000000)
  region size 2048K, 1 young (2048K), 1 survivors (2048K)
 Metaspace       used 60011K, committed 60288K, reserved 1114112K
  class space    used 6882K, committed 7040K, reserved 1048576K
}

