# JRE version: OpenJDK Runtime Environment (17.0.7) (build 17.0.7+0-b2043.56-10550314)
# Java VM: OpenJDK 64-Bit Server VM (17.0.7+0-b2043.56-10550314, mixed mode, tiered, compressed oops, compressed class ptrs, g1 gc, windows-amd64)
GC Precious Log:
 CPUs: 12 total, 12 available
 Memory: 15724M
 Large Page Support: Disabled
 NUMA Support: Disabled
 Compressed Oops: Enabled (32-bit)
 Heap Region Size: 1M
 Heap Min Capacity: 8M
 Heap Initial Capacity: 246M
 Heap Max Capacity: 2G
 Pre-touch: Disabled
 Parallel Workers: 10
 Concurrent Workers: 3
 Concurrent Refinement Workers: 10
 Periodic GC: Disabled
Heap:
 garbage-first heap   total 308224K, used 183161K [0x0000000080000000, 0x0000000100000000)
  region size 1024K, 17 young (17408K), 10 survivors (10240K)
 Metaspace       used 119241K, committed 120384K, reserved 557056K
  class space    used 16540K, committed 17024K, reserved 425984K
GC Heap History (20 events):
Event: 13.534 GC heap before
{Heap before GC invocations=38 (full 0):
 garbage-first heap   total 214016K, used 173488K [0x0000000080000000, 0x0000000100000000)
  region size 1024K, 52 young (53248K), 10 survivors (10240K)
 Metaspace       used 104777K, committed 105728K, reserved 557056K
  class space    used 14690K, committed 15104K, reserved 425984K
}
Event: 13.539 GC heap after
{Heap after GC invocations=39 (full 0):
 garbage-first heap   total 214016K, used 135185K [0x0000000080000000, 0x0000000100000000)
  region size 1024K, 3 young (3072K), 3 survivors (3072K)
 Metaspace       used 104777K, committed 105728K, reserved 557056K
  class space    used 14690K, committed 15104K, reserved 425984K
}
Event: 13.941 GC heap before
{Heap before GC invocations=40 (full 0):
 garbage-first heap   total 237568K, used 174097K [0x0000000080000000, 0x0000000100000000)
  region size 1024K, 41 young (41984K), 3 survivors (3072K)
 Metaspace       used 107931K, committed 108864K, reserved 557056K
  class space    used 15124K, committed 15552K, reserved 425984K
}
Event: 13.945 GC heap after
{Heap after GC invocations=41 (full 0):
 garbage-first heap   total 237568K, used 138384K [0x0000000080000000, 0x0000000100000000)
  region size 1024K, 6 young (6144K), 6 survivors (6144K)
 Metaspace       used 107931K, committed 108864K, reserved 557056K
  class space    used 15124K, committed 15552K, reserved 425984K
}
Event: 13.973 GC heap before
{Heap before GC invocations=41 (full 0):
 garbage-first heap   total 237568K, used 143504K [0x0000000080000000, 0x0000000100000000)
  region size 1024K, 11 young (11264K), 6 survivors (6144K)
 Metaspace       used 108176K, committed 109120K, reserved 557056K
  class space    used 15162K, committed 15616K, reserved 425984K
}
Event: 13.976 GC heap after
{Heap after GC invocations=42 (full 0):
 garbage-first heap   total 237568K, used 138656K [0x0000000080000000, 0x0000000100000000)
  region size 1024K, 1 young (1024K), 1 survivors (1024K)
 Metaspace       used 108176K, committed 109120K, reserved 557056K
  class space    used 15162K, committed 15616K, reserved 425984K
}
Event: 14.333 GC heap before
{Heap before GC invocations=42 (full 0):
 garbage-first heap   total 237568K, used 194976K [0x0000000080000000, 0x0000000100000000)
  region size 1024K, 56 young (57344K), 1 survivors (1024K)
 Metaspace       used 110141K, committed 111168K, reserved 557056K
  class space    used 15388K, committed 15872K, reserved 425984K
}
Event: 14.336 GC heap after
{Heap after GC invocations=43 (full 0):
 garbage-first heap   total 237568K, used 143854K [0x0000000080000000, 0x0000000100000000)
  region size 1024K, 6 young (6144K), 6 survivors (6144K)
 Metaspace       used 110141K, committed 111168K, reserved 557056K
  class space    used 15388K, committed 15872K, reserved 425984K
}
Event: 14.614 GC heap before
{Heap before GC invocations=43 (full 0):
 garbage-first heap   total 237568K, used 196078K [0x0000000080000000, 0x0000000100000000)
  region size 1024K, 57 young (58368K), 6 survivors (6144K)
 Metaspace       used 111146K, committed 112192K, reserved 557056K
  class space    used 15499K, committed 16000K, reserved 425984K
}
Event: 14.620 GC heap after
{Heap after GC invocations=44 (full 0):
 garbage-first heap   total 237568K, used 149131K [0x0000000080000000, 0x0000000100000000)
  region size 1024K, 6 young (6144K), 6 survivors (6144K)
 Metaspace       used 111146K, committed 112192K, reserved 557056K
  class space    used 15499K, committed 16000K, reserved 425984K
}
Event: 14.771 GC heap before
{Heap before GC invocations=44 (full 0):
 garbage-first heap   total 237568K, used 196235K [0x0000000080000000, 0x0000000100000000)
  region size 1024K, 52 young (53248K), 6 survivors (6144K)
 Metaspace       used 111223K, committed 112256K, reserved 557056K
  class space    used 15502K, committed 16000K, reserved 425984K
}
Event: 14.777 GC heap after
{Heap after GC invocations=45 (full 0):
 garbage-first heap   total 237568K, used 157478K [0x0000000080000000, 0x0000000100000000)
  region size 1024K, 7 young (7168K), 7 survivors (7168K)
 Metaspace       used 111223K, committed 112256K, reserved 557056K
  class space    used 15502K, committed 16000K, reserved 425984K
}
Event: 14.959 GC heap before
{Heap before GC invocations=45 (full 0):
 garbage-first heap   total 237568K, used 196390K [0x0000000080000000, 0x0000000100000000)
  region size 1024K, 46 young (47104K), 7 survivors (7168K)
 Metaspace       used 112172K, committed 113216K, reserved 557056K
  class space    used 15715K, committed 16192K, reserved 425984K
}
Event: 14.964 GC heap after
{Heap after GC invocations=46 (full 0):
 garbage-first heap   total 308224K, used 161037K [0x0000000080000000, 0x0000000100000000)
  region size 1024K, 3 young (3072K), 3 survivors (3072K)
 Metaspace       used 112172K, committed 113216K, reserved 557056K
  class space    used 15715K, committed 16192K, reserved 425984K
}
Event: 15.308 GC heap before
{Heap before GC invocations=46 (full 0):
 garbage-first heap   total 308224K, used 251149K [0x0000000080000000, 0x0000000100000000)
  region size 1024K, 87 young (89088K), 3 survivors (3072K)
 Metaspace       used 114036K, committed 115136K, reserved 557056K
  class space    used 15921K, committed 16448K, reserved 425984K
}
Event: 15.312 GC heap after
{Heap after GC invocations=47 (full 0):
 garbage-first heap   total 308224K, used 167270K [0x0000000080000000, 0x0000000100000000)
  region size 1024K, 9 young (9216K), 9 survivors (9216K)
 Metaspace       used 114036K, committed 115136K, reserved 557056K
  class space    used 15921K, committed 16448K, reserved 425984K
}
Event: 15.958 GC heap before
{Heap before GC invocations=47 (full 0):
 garbage-first heap   total 308224K, used 257382K [0x0000000080000000, 0x0000000100000000)
  region size 1024K, 90 young (92160K), 9 survivors (9216K)
 Metaspace       used 116000K, committed 117120K, reserved 557056K
  class space    used 16172K, committed 16704K, reserved 425984K
}
Event: 15.966 GC heap after
{Heap after GC invocations=48 (full 0):
 garbage-first heap   total 308224K, used 173125K [0x0000000080000000, 0x0000000100000000)
  region size 1024K, 6 young (6144K), 6 survivors (6144K)
 Metaspace       used 116000K, committed 117120K, reserved 557056K
  class space    used 16172K, committed 16704K, reserved 425984K
}
Event: 16.440 GC heap before
{Heap before GC invocations=48 (full 0):
 garbage-first heap   total 308224K, used 260165K [0x0000000080000000, 0x0000000100000000)
  region size 1024K, 84 young (86016K), 6 survivors (6144K)
 Metaspace       used 119040K, committed 120192K, reserved 557056K
  class space    used 16518K, committed 17024K, reserved 425984K
}
Event: 16.445 GC heap after
{Heap after GC invocations=49 (full 0):
 garbage-first heap   total 308224K, used 177017K [0x0000000080000000, 0x0000000100000000)
  region size 1024K, 10 young (10240K), 10 survivors (10240K)
 Metaspace       used 119040K, committed 120192K, reserved 557056K
  class space    used 16518K, committed 17024K, reserved 425984K
}

