# JRE version: OpenJDK Runtime Environment (17.0.7) (build 17.0.7+0-b2043.56-10550314)
# Java VM: OpenJDK 64-Bit Server VM (17.0.7+0-b2043.56-10550314, mixed mode, tiered, compressed oops, compressed class ptrs, g1 gc, windows-amd64)
GC Precious Log:
 CPUs: 12 total, 12 available
 Memory: 15724M
 Large Page Support: Disabled
 NUMA Support: Disabled
 Compressed Oops: Enabled (32-bit)
 Heap Region Size: 1M
 Heap Min Capacity: 8M
 Heap Initial Capacity: 246M
 Heap Max Capacity: 2G
 Pre-touch: Disabled
 Parallel Workers: 10
 Concurrent Workers: 3
 Concurrent Refinement Workers: 10
 Periodic GC: Disabled
Heap:
 garbage-first heap   total 201728K, used 84781K [0x0000000080000000, 0x0000000100000000)
  region size 1024K, 1 young (1024K), 1 survivors (1024K)
 Metaspace       used 81266K, committed 81984K, reserved 557056K
  class space    used 11258K, committed 11584K, reserved 425984K
GC Heap History (20 events):
Event: 6.665 GC heap after
{Heap after GC invocations=23 (full 0):
 garbage-first heap   total 104448K, used 60300K [0x0000000080000000, 0x0000000100000000)
  region size 1024K, 4 young (4096K), 4 survivors (4096K)
 Metaspace       used 68003K, committed 68608K, reserved 491520K
  class space    used 9385K, committed 9664K, reserved 425984K
}
Event: 6.850 GC heap before
{Heap before GC invocations=24 (full 0):
 garbage-first heap   total 107520K, used 85900K [0x0000000080000000, 0x0000000100000000)
  region size 1024K, 30 young (30720K), 4 survivors (4096K)
 Metaspace       used 70351K, committed 70976K, reserved 491520K
  class space    used 9678K, committed 9920K, reserved 425984K
}
Event: 6.852 GC heap after
{Heap after GC invocations=25 (full 0):
 garbage-first heap   total 107520K, used 62665K [0x0000000080000000, 0x0000000100000000)
  region size 1024K, 4 young (4096K), 4 survivors (4096K)
 Metaspace       used 70351K, committed 70976K, reserved 491520K
  class space    used 9678K, committed 9920K, reserved 425984K
}
Event: 7.033 GC heap before
{Heap before GC invocations=25 (full 0):
 garbage-first heap   total 107520K, used 89289K [0x0000000080000000, 0x0000000100000000)
  region size 1024K, 30 young (30720K), 4 survivors (4096K)
 Metaspace       used 72158K, committed 72768K, reserved 491520K
  class space    used 9974K, committed 10240K, reserved 425984K
}
Event: 7.036 GC heap after
{Heap after GC invocations=26 (full 0):
 garbage-first heap   total 129024K, used 64717K [0x0000000080000000, 0x0000000100000000)
  region size 1024K, 3 young (3072K), 3 survivors (3072K)
 Metaspace       used 72158K, committed 72768K, reserved 491520K
  class space    used 9974K, committed 10240K, reserved 425984K
}
Event: 7.341 GC heap before
{Heap before GC invocations=27 (full 0):
 garbage-first heap   total 129024K, used 102605K [0x0000000080000000, 0x0000000100000000)
  region size 1024K, 40 young (40960K), 3 survivors (3072K)
 Metaspace       used 74572K, committed 75200K, reserved 491520K
  class space    used 10338K, committed 10624K, reserved 425984K
}
Event: 7.343 GC heap after
{Heap after GC invocations=28 (full 0):
 garbage-first heap   total 129024K, used 67463K [0x0000000080000000, 0x0000000100000000)
  region size 1024K, 5 young (5120K), 5 survivors (5120K)
 Metaspace       used 74572K, committed 75200K, reserved 491520K
  class space    used 10338K, committed 10624K, reserved 425984K
}
Event: 7.354 GC heap before
{Heap before GC invocations=28 (full 0):
 garbage-first heap   total 129024K, used 68487K [0x0000000080000000, 0x0000000100000000)
  region size 1024K, 6 young (6144K), 5 survivors (5120K)
 Metaspace       used 74705K, committed 75328K, reserved 491520K
  class space    used 10359K, committed 10624K, reserved 425984K
}
Event: 7.356 GC heap after
{Heap after GC invocations=29 (full 0):
 garbage-first heap   total 129024K, used 67526K [0x0000000080000000, 0x0000000100000000)
  region size 1024K, 1 young (1024K), 1 survivors (1024K)
 Metaspace       used 74705K, committed 75328K, reserved 491520K
  class space    used 10359K, committed 10624K, reserved 425984K
}
Event: 7.649 GC heap before
{Heap before GC invocations=29 (full 0):
 garbage-first heap   total 129024K, used 103366K [0x0000000080000000, 0x0000000100000000)
  region size 1024K, 37 young (37888K), 1 survivors (1024K)
 Metaspace       used 76125K, committed 76800K, reserved 557056K
  class space    used 10591K, committed 10880K, reserved 425984K
}
Event: 7.652 GC heap after
{Heap after GC invocations=30 (full 0):
 garbage-first heap   total 129024K, used 71038K [0x0000000080000000, 0x0000000100000000)
  region size 1024K, 5 young (5120K), 5 survivors (5120K)
 Metaspace       used 76125K, committed 76800K, reserved 557056K
  class space    used 10591K, committed 10880K, reserved 425984K
}
Event: 7.943 GC heap before
{Heap before GC invocations=31 (full 0):
 garbage-first heap   total 129024K, used 106878K [0x0000000080000000, 0x0000000100000000)
  region size 1024K, 37 young (37888K), 5 survivors (5120K)
 Metaspace       used 77285K, committed 78016K, reserved 557056K
  class space    used 10779K, committed 11072K, reserved 425984K
}
Event: 7.947 GC heap after
{Heap after GC invocations=32 (full 0):
 garbage-first heap   total 129024K, used 80543K [0x0000000080000000, 0x0000000100000000)
  region size 1024K, 5 young (5120K), 5 survivors (5120K)
 Metaspace       used 77285K, committed 78016K, reserved 557056K
  class space    used 10779K, committed 11072K, reserved 425984K
}
Event: 7.955 GC heap before
{Heap before GC invocations=32 (full 0):
 garbage-first heap   total 129024K, used 82591K [0x0000000080000000, 0x0000000100000000)
  region size 1024K, 6 young (6144K), 5 survivors (5120K)
 Metaspace       used 77339K, committed 78080K, reserved 557056K
  class space    used 10783K, committed 11072K, reserved 425984K
}
Event: 7.959 GC heap after
{Heap after GC invocations=33 (full 0):
 garbage-first heap   total 129024K, used 82637K [0x0000000080000000, 0x0000000100000000)
  region size 1024K, 1 young (1024K), 1 survivors (1024K)
 Metaspace       used 77339K, committed 78080K, reserved 557056K
  class space    used 10783K, committed 11072K, reserved 425984K
}
Event: 8.057 GC heap before
{Heap before GC invocations=33 (full 0):
 garbage-first heap   total 129024K, used 104141K [0x0000000080000000, 0x0000000100000000)
  region size 1024K, 23 young (23552K), 1 survivors (1024K)
 Metaspace       used 78993K, committed 79744K, reserved 557056K
  class space    used 11001K, committed 11328K, reserved 425984K
}
Event: 8.058 GC heap after
{Heap after GC invocations=34 (full 0):
 garbage-first heap   total 129024K, used 83874K [0x0000000080000000, 0x0000000100000000)
  region size 1024K, 3 young (3072K), 3 survivors (3072K)
 Metaspace       used 78993K, committed 79744K, reserved 557056K
  class space    used 11001K, committed 11328K, reserved 425984K
}
Event: 8.179 GC heap before
{Heap before GC invocations=35 (full 0):
 garbage-first heap   total 150528K, used 104354K [0x0000000080000000, 0x0000000100000000)
  region size 1024K, 24 young (24576K), 3 survivors (3072K)
 Metaspace       used 80792K, committed 81536K, reserved 557056K
  class space    used 11216K, committed 11584K, reserved 425984K
}
Event: 8.181 GC heap after
{Heap after GC invocations=36 (full 0):
 garbage-first heap   total 150528K, used 84525K [0x0000000080000000, 0x0000000100000000)
  region size 1024K, 3 young (3072K), 3 survivors (3072K)
 Metaspace       used 80792K, committed 81536K, reserved 557056K
  class space    used 11216K, committed 11584K, reserved 425984K
}
Event: 8.200 GC heap before
{Heap before GC invocations=36 (full 0):
 garbage-first heap   total 150528K, used 87597K [0x0000000080000000, 0x0000000100000000)
  region size 1024K, 7 young (7168K), 3 survivors (3072K)
 Metaspace       used 81266K, committed 81984K, reserved 557056K
  class space    used 11258K, committed 11584K, reserved 425984K
}

