# JRE version: OpenJDK Runtime Environment (17.0.7) (build 17.0.7+0-b2043.56-10550314)
# Java VM: OpenJDK 64-Bit Server VM (17.0.7+0-b2043.56-10550314, mixed mode, tiered, compressed oops, compressed class ptrs, g1 gc, windows-amd64)
GC Precious Log:
 CPUs: 12 total, 12 available
 Memory: 15724M
 Large Page Support: Disabled
 NUMA Support: Disabled
 Compressed Oops: Enabled (32-bit)
 Heap Region Size: 1M
 Heap Min Capacity: 8M
 Heap Initial Capacity: 246M
 Heap Max Capacity: 2G
 Pre-touch: Disabled
 Parallel Workers: 10
 Concurrent Workers: 3
 Concurrent Refinement Workers: 10
 Periodic GC: Disabled
Heap:
 garbage-first heap   total 162816K, used 125441K [0x0000000080000000, 0x0000000100000000)
  region size 1024K, 33 young (33792K), 1 survivors (1024K)
 Metaspace       used 90646K, committed 91392K, reserved 557056K
  class space    used 12509K, committed 12864K, reserved 425984K
GC Heap History (20 events):
Event: 7.614 GC heap before
{Heap before GC invocations=31 (full 0):
 garbage-first heap   total 129024K, used 101540K [0x0000000080000000, 0x0000000100000000)
  region size 1024K, 41 young (41984K), 6 survivors (6144K)
 Metaspace       used 75818K, committed 76480K, reserved 557056K
  class space    used 10545K, committed 10816K, reserved 425984K
}
Event: 7.619 GC heap after
{Heap after GC invocations=32 (full 0):
 garbage-first heap   total 129024K, used 69483K [0x0000000080000000, 0x0000000100000000)
  region size 1024K, 6 young (6144K), 6 survivors (6144K)
 Metaspace       used 75818K, committed 76480K, reserved 557056K
  class space    used 10545K, committed 10816K, reserved 425984K
}
Event: 7.870 GC heap before
{Heap before GC invocations=32 (full 0):
 garbage-first heap   total 129024K, used 102251K [0x0000000080000000, 0x0000000100000000)
  region size 1024K, 39 young (39936K), 6 survivors (6144K)
 Metaspace       used 77177K, committed 77952K, reserved 557056K
  class space    used 10772K, committed 11136K, reserved 425984K
}
Event: 7.875 GC heap after
{Heap after GC invocations=33 (full 0):
 garbage-first heap   total 129024K, used 73230K [0x0000000080000000, 0x0000000100000000)
  region size 1024K, 4 young (4096K), 4 survivors (4096K)
 Metaspace       used 77177K, committed 77952K, reserved 557056K
  class space    used 10772K, committed 11136K, reserved 425984K
}
Event: 8.030 GC heap before
{Heap before GC invocations=34 (full 0):
 garbage-first heap   total 132096K, used 108046K [0x0000000080000000, 0x0000000100000000)
  region size 1024K, 34 young (34816K), 4 survivors (4096K)
 Metaspace       used 78490K, committed 79232K, reserved 557056K
  class space    used 10940K, committed 11328K, reserved 425984K
}
Event: 8.033 GC heap after
{Heap after GC invocations=35 (full 0):
 garbage-first heap   total 132096K, used 85098K [0x0000000080000000, 0x0000000100000000)
  region size 1024K, 5 young (5120K), 5 survivors (5120K)
 Metaspace       used 78490K, committed 79232K, reserved 557056K
  class space    used 10940K, committed 11328K, reserved 425984K
}
Event: 8.037 GC heap before
{Heap before GC invocations=35 (full 0):
 garbage-first heap   total 132096K, used 85098K [0x0000000080000000, 0x0000000100000000)
  region size 1024K, 6 young (6144K), 5 survivors (5120K)
 Metaspace       used 78585K, committed 79360K, reserved 557056K
  class space    used 10946K, committed 11328K, reserved 425984K
}
Event: 8.040 GC heap after
{Heap after GC invocations=36 (full 0):
 garbage-first heap   total 158720K, used 85385K [0x0000000080000000, 0x0000000100000000)
  region size 1024K, 1 young (1024K), 1 survivors (1024K)
 Metaspace       used 78585K, committed 79360K, reserved 557056K
  class space    used 10946K, committed 11328K, reserved 425984K
}
Event: 8.255 GC heap before
{Heap before GC invocations=36 (full 0):
 garbage-first heap   total 158720K, used 125321K [0x0000000080000000, 0x0000000100000000)
  region size 1024K, 40 young (40960K), 1 survivors (1024K)
 Metaspace       used 82136K, committed 82944K, reserved 557056K
  class space    used 11383K, committed 11776K, reserved 425984K
}
Event: 8.256 GC heap after
{Heap after GC invocations=37 (full 0):
 garbage-first heap   total 158720K, used 85931K [0x0000000080000000, 0x0000000100000000)
  region size 1024K, 1 young (1024K), 1 survivors (1024K)
 Metaspace       used 82136K, committed 82944K, reserved 557056K
  class space    used 11383K, committed 11776K, reserved 425984K
}
Event: 8.512 GC heap before
{Heap before GC invocations=38 (full 0):
 garbage-first heap   total 158720K, used 134059K [0x0000000080000000, 0x0000000100000000)
  region size 1024K, 42 young (43008K), 1 survivors (1024K)
 Metaspace       used 85196K, committed 85952K, reserved 557056K
  class space    used 11764K, committed 12096K, reserved 425984K
}
Event: 8.514 GC heap after
{Heap after GC invocations=39 (full 0):
 garbage-first heap   total 158720K, used 90298K [0x0000000080000000, 0x0000000100000000)
  region size 1024K, 6 young (6144K), 6 survivors (6144K)
 Metaspace       used 85196K, committed 85952K, reserved 557056K
  class space    used 11764K, committed 12096K, reserved 425984K
}
Event: 8.524 GC heap before
{Heap before GC invocations=39 (full 0):
 garbage-first heap   total 158720K, used 91322K [0x0000000080000000, 0x0000000100000000)
  region size 1024K, 7 young (7168K), 6 survivors (6144K)
 Metaspace       used 85295K, committed 86080K, reserved 557056K
  class space    used 11777K, committed 12160K, reserved 425984K
}
Event: 8.526 GC heap after
{Heap after GC invocations=40 (full 0):
 garbage-first heap   total 158720K, used 90143K [0x0000000080000000, 0x0000000100000000)
  region size 1024K, 1 young (1024K), 1 survivors (1024K)
 Metaspace       used 85295K, committed 86080K, reserved 557056K
  class space    used 11777K, committed 12160K, reserved 425984K
}
Event: 8.778 GC heap before
{Heap before GC invocations=40 (full 0):
 garbage-first heap   total 158720K, used 128031K [0x0000000080000000, 0x0000000100000000)
  region size 1024K, 38 young (38912K), 1 survivors (1024K)
 Metaspace       used 88010K, committed 88832K, reserved 557056K
  class space    used 12127K, committed 12480K, reserved 425984K
}
Event: 8.780 GC heap after
{Heap after GC invocations=41 (full 0):
 garbage-first heap   total 158720K, used 91682K [0x0000000080000000, 0x0000000100000000)
  region size 1024K, 3 young (3072K), 3 survivors (3072K)
 Metaspace       used 88010K, committed 88832K, reserved 557056K
  class space    used 12127K, committed 12480K, reserved 425984K
}
Event: 9.015 GC heap before
{Heap before GC invocations=42 (full 0):
 garbage-first heap   total 162816K, used 128546K [0x0000000080000000, 0x0000000100000000)
  region size 1024K, 39 young (39936K), 3 survivors (3072K)
 Metaspace       used 90576K, committed 91328K, reserved 557056K
  class space    used 12500K, committed 12864K, reserved 425984K
}
Event: 9.017 GC heap after
{Heap after GC invocations=43 (full 0):
 garbage-first heap   total 162816K, used 93512K [0x0000000080000000, 0x0000000100000000)
  region size 1024K, 4 young (4096K), 4 survivors (4096K)
 Metaspace       used 90576K, committed 91328K, reserved 557056K
  class space    used 12500K, committed 12864K, reserved 425984K
}
Event: 9.029 GC heap before
{Heap before GC invocations=43 (full 0):
 garbage-first heap   total 162816K, used 96584K [0x0000000080000000, 0x0000000100000000)
  region size 1024K, 7 young (7168K), 4 survivors (4096K)
 Metaspace       used 90587K, committed 91392K, reserved 557056K
  class space    used 12501K, committed 12864K, reserved 425984K
}
Event: 9.031 GC heap after
{Heap after GC invocations=44 (full 0):
 garbage-first heap   total 162816K, used 93697K [0x0000000080000000, 0x0000000100000000)
  region size 1024K, 1 young (1024K), 1 survivors (1024K)
 Metaspace       used 90587K, committed 91392K, reserved 557056K
  class space    used 12501K, committed 12864K, reserved 425984K
}

