# JRE version: OpenJDK Runtime Environment (17.0.7) (build 17.0.7+0-b2043.56-10550314)
# Java VM: OpenJDK 64-Bit Server VM (17.0.7+0-b2043.56-10550314, mixed mode, tiered, compressed oops, compressed class ptrs, g1 gc, windows-amd64)
GC Precious Log:
 CPUs: 12 total, 12 available
 Memory: 15724M
 Large Page Support: Disabled
 NUMA Support: Disabled
 Compressed Oops: Enabled (32-bit)
 Heap Region Size: 1M
 Heap Min Capacity: 8M
 Heap Initial Capacity: 246M
 Heap Max Capacity: 2G
 Pre-touch: Disabled
 Parallel Workers: 10
 Concurrent Workers: 3
 Concurrent Refinement Workers: 10
 Periodic GC: Disabled
Heap:
 garbage-first heap   total 128000K, used 72952K [0x0000000080000000, 0x0000000100000000)
  region size 1024K, 13 young (13312K), 6 survivors (6144K)
 Metaspace       used 75524K, committed 76288K, reserved 491520K
  class space    used 10497K, committed 10816K, reserved 425984K
GC Heap History (20 events):
Event: 5.652 GC heap before
{Heap before GC invocations=14 (full 0):
 garbage-first heap   total 86016K, used 67291K [0x0000000080000000, 0x0000000100000000)
  region size 1024K, 33 young (33792K), 3 survivors (3072K)
 Metaspace       used 55560K, committed 56128K, reserved 491520K
  class space    used 7555K, committed 7808K, reserved 425984K
}
Event: 5.654 GC heap after
{Heap after GC invocations=15 (full 0):
 garbage-first heap   total 86016K, used 38541K [0x0000000080000000, 0x0000000100000000)
  region size 1024K, 5 young (5120K), 5 survivors (5120K)
 Metaspace       used 55560K, committed 56128K, reserved 491520K
  class space    used 7555K, committed 7808K, reserved 425984K
}
Event: 5.929 GC heap before
{Heap before GC invocations=15 (full 0):
 garbage-first heap   total 86016K, used 70285K [0x0000000080000000, 0x0000000100000000)
  region size 1024K, 34 young (34816K), 5 survivors (5120K)
 Metaspace       used 57998K, committed 58560K, reserved 491520K
  class space    used 7936K, committed 8192K, reserved 425984K
}
Event: 5.932 GC heap after
{Heap after GC invocations=16 (full 0):
 garbage-first heap   total 86016K, used 45663K [0x0000000080000000, 0x0000000100000000)
  region size 1024K, 5 young (5120K), 5 survivors (5120K)
 Metaspace       used 57998K, committed 58560K, reserved 491520K
  class space    used 7936K, committed 8192K, reserved 425984K
}
Event: 6.146 GC heap before
{Heap before GC invocations=17 (full 0):
 garbage-first heap   total 91136K, used 72287K [0x0000000080000000, 0x0000000100000000)
  region size 1024K, 28 young (28672K), 5 survivors (5120K)
 Metaspace       used 60914K, committed 61568K, reserved 491520K
  class space    used 8315K, committed 8640K, reserved 425984K
}
Event: 6.149 GC heap after
{Heap after GC invocations=18 (full 0):
 garbage-first heap   total 91136K, used 52207K [0x0000000080000000, 0x0000000100000000)
  region size 1024K, 3 young (3072K), 3 survivors (3072K)
 Metaspace       used 60914K, committed 61568K, reserved 491520K
  class space    used 8315K, committed 8640K, reserved 425984K
}
Event: 6.347 GC heap before
{Heap before GC invocations=18 (full 0):
 garbage-first heap   total 91136K, used 73711K [0x0000000080000000, 0x0000000100000000)
  region size 1024K, 24 young (24576K), 3 survivors (3072K)
 Metaspace       used 63011K, committed 63616K, reserved 491520K
  class space    used 8671K, committed 8960K, reserved 425984K
}
Event: 6.349 GC heap after
{Heap after GC invocations=19 (full 0):
 garbage-first heap   total 91136K, used 53134K [0x0000000080000000, 0x0000000100000000)
  region size 1024K, 2 young (2048K), 2 survivors (2048K)
 Metaspace       used 63011K, committed 63616K, reserved 491520K
  class space    used 8671K, committed 8960K, reserved 425984K
}
Event: 6.412 GC heap before
{Heap before GC invocations=20 (full 0):
 garbage-first heap   total 94208K, used 58254K [0x0000000080000000, 0x0000000100000000)
  region size 1024K, 8 young (8192K), 2 survivors (2048K)
 Metaspace       used 63525K, committed 64128K, reserved 491520K
  class space    used 8763K, committed 9024K, reserved 425984K
}
Event: 6.414 GC heap after
{Heap after GC invocations=21 (full 0):
 garbage-first heap   total 94208K, used 53483K [0x0000000080000000, 0x0000000100000000)
  region size 1024K, 2 young (2048K), 2 survivors (2048K)
 Metaspace       used 63525K, committed 64128K, reserved 491520K
  class space    used 8763K, committed 9024K, reserved 425984K
}
Event: 6.557 GC heap before
{Heap before GC invocations=22 (full 0):
 garbage-first heap   total 104448K, used 79083K [0x0000000080000000, 0x0000000100000000)
  region size 1024K, 24 young (24576K), 2 survivors (2048K)
 Metaspace       used 65204K, committed 65856K, reserved 491520K
  class space    used 8979K, committed 9280K, reserved 425984K
}
Event: 6.558 GC heap after
{Heap after GC invocations=23 (full 0):
 garbage-first heap   total 104448K, used 58463K [0x0000000080000000, 0x0000000100000000)
  region size 1024K, 3 young (3072K), 3 survivors (3072K)
 Metaspace       used 65204K, committed 65856K, reserved 491520K
  class space    used 8979K, committed 9280K, reserved 425984K
}
Event: 6.721 GC heap before
{Heap before GC invocations=23 (full 0):
 garbage-first heap   total 104448K, used 83039K [0x0000000080000000, 0x0000000100000000)
  region size 1024K, 28 young (28672K), 3 survivors (3072K)
 Metaspace       used 67458K, committed 68096K, reserved 491520K
  class space    used 9315K, committed 9600K, reserved 425984K
}
Event: 6.723 GC heap after
{Heap after GC invocations=24 (full 0):
 garbage-first heap   total 104448K, used 59551K [0x0000000080000000, 0x0000000100000000)
  region size 1024K, 3 young (3072K), 3 survivors (3072K)
 Metaspace       used 67458K, committed 68096K, reserved 491520K
  class space    used 9315K, committed 9600K, reserved 425984K
}
Event: 6.897 GC heap before
{Heap before GC invocations=25 (full 0):
 garbage-first heap   total 106496K, used 83103K [0x0000000080000000, 0x0000000100000000)
  region size 1024K, 27 young (27648K), 3 survivors (3072K)
 Metaspace       used 70257K, committed 70912K, reserved 491520K
  class space    used 9683K, committed 9984K, reserved 425984K
}
Event: 6.900 GC heap after
{Heap after GC invocations=26 (full 0):
 garbage-first heap   total 128000K, used 61207K [0x0000000080000000, 0x0000000100000000)
  region size 1024K, 3 young (3072K), 3 survivors (3072K)
 Metaspace       used 70257K, committed 70912K, reserved 491520K
  class space    used 9683K, committed 9984K, reserved 425984K
}
Event: 7.175 GC heap before
{Heap before GC invocations=26 (full 0):
 garbage-first heap   total 128000K, used 100119K [0x0000000080000000, 0x0000000100000000)
  region size 1024K, 41 young (41984K), 3 survivors (3072K)
 Metaspace       used 72582K, committed 73216K, reserved 491520K
  class space    used 10042K, committed 10304K, reserved 425984K
}
Event: 7.178 GC heap after
{Heap after GC invocations=27 (full 0):
 garbage-first heap   total 128000K, used 63769K [0x0000000080000000, 0x0000000100000000)
  region size 1024K, 6 young (6144K), 6 survivors (6144K)
 Metaspace       used 72582K, committed 73216K, reserved 491520K
  class space    used 10042K, committed 10304K, reserved 425984K
}
Event: 7.482 GC heap before
{Heap before GC invocations=28 (full 0):
 garbage-first heap   total 128000K, used 101657K [0x0000000080000000, 0x0000000100000000)
  region size 1024K, 43 young (44032K), 6 survivors (6144K)
 Metaspace       used 75100K, committed 75776K, reserved 491520K
  class space    used 10442K, committed 10752K, reserved 425984K
}
Event: 7.487 GC heap after
{Heap after GC invocations=29 (full 0):
 garbage-first heap   total 128000K, used 66808K [0x0000000080000000, 0x0000000100000000)
  region size 1024K, 6 young (6144K), 6 survivors (6144K)
 Metaspace       used 75100K, committed 75776K, reserved 491520K
  class space    used 10442K, committed 10752K, reserved 425984K
}

